<?xml version="1.0" encoding="UTF-8"?>
<testsuite name="gradledemo.AppTest" tests="1" skipped="0" failures="0" errors="0" timestamp="2020-05-22T17:22:10" hostname="ibm-com" time="0.003">
  <properties/>
  <testcase name="testAppHasAGreeting" classname="gradledemo.AppTest" time="0.003"/>
  <system-out><![CDATA[]]></system-out>
  <system-err><![CDATA[]]></system-err>
</testsuite>
